__________________________________________________________________________

Thu Mar 22 01:05:11 PDT 2012

Free Memory: 11887 kB
Total Memory: 16320 kB

4 Command Line Args:
0:  -f
1:  /tmp/794441.tmp/mergeModuleLax11.properties
2:  -l
3:  en

java.class.path:
    /tmp/794441.tmp/SubInstaller1.zip
    /tmp/install.dir.22424/InstallerData
    /tmp/install.dir.22424/InstallerData/installer.zip

ZGUtil.CLASS_PATH:
    /tmp/794441.tmp/SubInstaller1.zip
    /tmp/install.dir.22424/InstallerData
    /tmp/install.dir.22424/InstallerData/installer.zip

sun.boot.class.path:
    /tmp/install.dir.22424/Linux/resource/jre/lib/rt.jar
    /tmp/install.dir.22424/Linux/resource/jre/lib/i18n.jar
    /tmp/install.dir.22424/Linux/resource/jre/lib/sunrsasign.jar
    /tmp/install.dir.22424/Linux/resource/jre/lib/jsse.jar
    /tmp/install.dir.22424/Linux/resource/jre/lib/jce.jar
    /tmp/install.dir.22424/Linux/resource/jre/lib/charsets.jar
    /tmp/install.dir.22424/Linux/resource/jre/classes

java.ext.dirs:
    /tmp/install.dir.22424/Linux/resource/jre/lib/ext

java.version                  == 1.5.0_09 (Java 2+)
java.vm.name                  == Java HotSpot(TM) Client VM
java.vm.vendor                == Sun Microsystems Inc.
java.vm.version               == 1.5.0_09-b03
java.vm.specification.name    == Java Virtual Machine Specification
java.vm.specification.vendor  == Sun Microsystems Inc.
java.vm.specification.version == 1.0
java.specification.name       == Java Platform API Specification
java.specification.vendor     == Sun Microsystems Inc.
java.specification.version    == 1.5
java.vendor                   == Sun Microsystems Inc.
java.vendor.url               == http://java.sun.com/
java.class.version            == 49.0
java.compiler                 == null
java.home                     == /tmp/install.dir.22424/Linux/resource/jre
java.io.tmpdir                == /tmp
os.name                       == Linux
os.arch                       == i386
os.version                    == 2.6.32-24-generic
path.separator                == :
file.separator                == /
file.encoding                 == UTF-8
user.name                     == warren
user.home                     == /home/warren
user.dir                      == /tmp/794441.tmp
user.language                 == en
user.region                   == null
__________________________________________________________________________

Install Begin: Thu Mar 22 01:05:08 PDT 2012
Install End: Thu Mar 22 01:05:11 PDT 2012

Installed by InstallAnywhere 9.0 Enterprise Build 3428, by Macrovision


User Interactions
-----------------


Summary
-------

Installation: Successful.

19 Successes
0 Warnings
0 NonFatalErrors
0 FatalErrors

Action Notes:

None

Install Log Detail:

Install Action:           InstallAnywhere Variable
                          Status: SUCCESSFUL

Install Action:           InstallAnywhere Variable
                          Status: SUCCESSFUL

Install Action:           InstallAnywhere Variable
                          Status: SUCCESSFUL

Check Disk Space:         /home/warren/AndroidDev/KernelDev/toolchains/arm2010q1
                          Status: SUCCESSFUL
                          Additional Notes: NOTE - Required Disk Space: 938,446; Free Disk Space: 286,649,950,208

Install Directory:        /home/warren/AndroidDev/KernelDev/toolchains/arm2010q1/
                          Status: SUCCESSFUL
                          Additional Notes: NOTE - Directory already existed

Install Directory:        /home/warren/AndroidDev/KernelDev/toolchains/arm2010q1/uninstall/
                          Status: SUCCESSFUL
                          Additional Notes: NOTE - Directory already existed

Install Directory:        /home/warren/AndroidDev/KernelDev/toolchains/arm2010q1/uninstall/Uninstall_Sourcery_Gxx_Common/
                          Status: SUCCESSFUL

Install Uninstaller:      Sourcery G++ Common (Install All Uninstaller Components)
                          Status: SUCCESSFUL


Install File:             /home/warren/AndroidDev/KernelDev/toolchains/arm2010q1/uninstall/Uninstall_Sourcery_Gxx_Common/Uninstall_Sourcery_Gxx_Common.lax
                          Status: SUCCESSFUL

Install Uninstaller:      Sourcery G++ Common (Install All Uninstaller Components)
                          Status: SUCCESSFUL

Install Directory:        /home/warren/AndroidDev/KernelDev/toolchains/arm2010q1/uninstall/
                          Status: SUCCESSFUL
                          Additional Notes: NOTE - Directory already existed

Install Directory:        /home/warren/AndroidDev/KernelDev/toolchains/arm2010q1/uninstall/features/
                          Status: SUCCESSFUL
                          Additional Notes: NOTE - Directory already existed

Install File:             /home/warren/AndroidDev/KernelDev/toolchains/arm2010q1/uninstall/features/Common.key
                          Status: SUCCESSFUL

Install Directory:        /home/warren/AndroidDev/KernelDev/toolchains/arm2010q1/uninstall/
                          Status: SUCCESSFUL
                          Additional Notes: NOTE - Directory already existed

Install File:             /home/warren/AndroidDev/KernelDev/toolchains/arm2010q1/uninstall/create-links-iamm-common_files-arm-2010q1-202-arm-none-linux-gnueabi
                          Status: SUCCESSFUL

Install File:             /home/warren/AndroidDev/KernelDev/toolchains/arm2010q1/uninstall/remove-links-iamm-common_files-arm-2010q1-202-arm-none-linux-gnueabi
                          Status: SUCCESSFUL


Execute Target File:      Creating links...
                          Status: SUCCESSFUL

